<?xml version="1.0" encoding="UTF-8"?>
<!-- Generated by org.testng.reporters.JUnitXMLReporter -->
<testsuite hostname="User-PC" ignored="0" name="Test" tests="3" failures="0" timestamp="23 Mar 2022 10:30:05 GMT" time="98.15" errors="0">
  <testcase name="pageNavigation" time="10.302" classname="ProjectName.ModuleName.HomePage"/>
  <testcase name="basePageNavigation" time="1.094" classname="ProjectName.ModuleName.ValidateNavigation"/>
  <testcase name="ValidateTitleQA" time="0.079" classname="ProjectName.ModuleName.ValidateTitle"/>
</testsuite> <!-- Test -->
